#
# A fatal error has been detected by the Java Runtime Environment:
#
#  SIGSEGV (0xb) at pc=0x00007f8d48280bef, pid=28601, tid=140244761229056
#
# JRE version: 6.0_27-b07
# Java VM: Java HotSpot(TM) 64-Bit Server VM (20.2-b06 mixed mode linux-amd64 compressed oops)
# Problematic frame:
# C  [libc.so.6+0x128bef]  __nss_hosts_lookup+0xa73f
#
# If you would like to submit a bug report, please visit:
#   http://java.sun.com/webapps/bugreport/crash.jsp
# The crash happened outside the Java Virtual Machine in native code.
# See problematic frame for where to report the bug.
#

---------------  T H R E A D  ---------------

Current thread (0x00000000419d1000):  JavaThread "main" [_thread_in_native, id=28602, stack(0x00007f8d471cb000,0x00007f8d472cc000)]

siginfo:si_signo=SIGSEGV: si_errno=0, si_code=128 (), si_addr=0x0000000000000000

Registers:
RAX=0x0000000000000000, RBX=0x00000000bf53b250, RCX=0x0000000000000004, RDX=0x0000000000000000
RSP=0x00007f8d472c9f48, RBP=0x00007f8d472c9f90, RSI=0x00304d4341797474, RDI=0x00304d4341797470
R8 =0x00304d4341797474, R9 =0x00007f8d47fd2d10, R10=0x00007f8d43445d41, R11=0x00007f8d47cd8e40
R12=0x0000000000000000, R13=0x00000000bf53b250, R14=0x00007f8d472ca030, R15=0x00000000419d1000
RIP=0x00007f8d48280bef, EFLAGS=0x0000000000010202, CSGSFS=0x0000000000000033, ERR=0x0000000000000000
  TRAPNO=0x000000000000000d

Top of Stack: (sp=0x00007f8d472c9f48)
0x00007f8d472c9f48:   00007f8d40e5d96a 00000000419d1000
0x00007f8d472c9f58:   00000000419d1d60 00304d4341797474
0x00007f8d472c9f68:   00000000419d11d0 0000000000000000
0x00007f8d472c9f78:   0000000000000000 00000000bf53b250
0x00007f8d472c9f88:   0000000000000000 00007f8d472ca000
0x00007f8d472c9f98:   00007f8d43445d6e 00000000419d1d88
0x00007f8d472c9fa8:   00000000419d1da8 00000000419d1000
0x00007f8d472c9fb8:   00000000419d1dd0 00007f8d472c9fc0
0x00007f8d472c9fc8:   00000000bf53b250 00007f8d472ca030
0x00007f8d472c9fd8:   00000000bf590c90 0000000000000000
0x00007f8d472c9fe8:   00000000bf53b250 0000000000000000
0x00007f8d472c9ff8:   00007f8d472ca020 00007f8d472ca078
0x00007f8d472ca008:   00007f8d4343a929 00000000bf53c7f0
0x00007f8d472ca018:   00007f8d43442f5b 0000000000000000
0x00007f8d472ca028:   00304d4341797474 00000000ec374ce8
0x00007f8d472ca038:   00007f8d472ca038 00000000bf5039ff
0x00007f8d472ca048:   00007f8d472ca0a0 00000000bf61d7c8
0x00007f8d472ca058:   0000000000000000 00000000bf503a30
0x00007f8d472ca068:   00007f8d472ca020 00007f8d472ca088
0x00007f8d472ca078:   00007f8d472ca0e8 00007f8d4343a929
0x00007f8d472ca088:   0000000000000000 0000000000000000
0x00007f8d472ca098:   00000000ec374ce8 00000000ec374ce8
0x00007f8d472ca0a8:   00007f8d472ca0a8 00000000bf504a99
0x00007f8d472ca0b8:   00007f8d472ca140 00000000bf61d7c8
0x00007f8d472ca0c8:   0000000000000000 00000000bf504b68
0x00007f8d472ca0d8:   00007f8d472ca088 00007f8d472ca120
0x00007f8d472ca0e8:   00007f8d472ca188 00007f8d4343a929
0x00007f8d472ca0f8:   0000000000000000 0000000000000000
0x00007f8d472ca108:   0000000000000000 00000000ec374ce8
0x00007f8d472ca118:   00000000ec374c20 0000000000000000
0x00007f8d472ca128:   00000000ffffffff 0000000000000000
0x00007f8d472ca138:   00007f8d43451972 00000000ec374c08 

Instructions: (pc=0x00007f8d48280bef)
0x00007f8d48280bcf:   00 02 00 00 64 49 89 39 e9 4b e9 ff ff 00 00 00
0x00007f8d48280bdf:   00 66 0f ef c9 89 f9 49 89 f8 48 83 e7 f0 31 f9
0x00007f8d48280bef:   66 0f 74 0f 66 0f d7 d1 d3 ea d3 e2 21 d2 75 71
0x00007f8d48280bff:   66 0f ef c9 66 66 66 66 2e 0f 1f 84 00 00 00 00 

Register to memory mapping:

RAX=0x0000000000000000 is an unknown value
RBX=0x00000000bf53b250 is an oop
{method} 
 - klass: {other class}
RCX=0x0000000000000004 is an unknown value
RDX=0x0000000000000000 is an unknown value
RSP=0x00007f8d472c9f48 is pointing into the stack for thread: 0x00000000419d1000
RBP=0x00007f8d472c9f90 is pointing into the stack for thread: 0x00000000419d1000
RSI=0x00304d4341797474 is an unknown value
RDI=0x00304d4341797470 is an unknown value
R8 =0x00304d4341797474 is an unknown value
R9 =0x00007f8d47fd2d10: <offset 0xa82d10> in /opt/jdk1.6.0_27/jre/lib/amd64/server/libjvm.so at 0x00007f8d47550000
R10=0x00007f8d43445d41 is an Interpreter codelet
method entry point (kind = native)  [0x00007f8d43445ae0, 0x00007f8d43446320]  2112 bytes
R11=0x00007f8d47cd8e40: <offset 0x788e40> in /opt/jdk1.6.0_27/jre/lib/amd64/server/libjvm.so at 0x00007f8d47550000
R12=0x0000000000000000 is an unknown value
R13=0x00000000bf53b250 is an oop
{method} 
 - klass: {other class}
R14=0x00007f8d472ca030 is pointing into the stack for thread: 0x00000000419d1000
R15=0x00000000419d1000 is a thread


Stack: [0x00007f8d471cb000,0x00007f8d472cc000],  sp=0x00007f8d472c9f48,  free space=1019k
Native frames: (J=compiled Java code, j=interpreted, Vv=VM code, C=native code)
C  [libc.so.6+0x128bef]  __nss_hosts_lookup+0xa73f
j  com.sun.jna.Native.getString(JZ)Ljava/lang/String;+0
j  com.sun.jna.Pointer.getString(JZ)Ljava/lang/String;+7
j  com.sun.jna.Pointer.getStringArray(JIZ)[Ljava/lang/String;+129
j  com.sun.jna.Pointer.getStringArray(J)[Ljava/lang/String;+4
j  org.kevoree.extra.kserial.Test.main([Ljava/lang/String;)V+22
v  ~StubRoutines::call_stub
V  [libjvm.so+0x4df3d0]  JavaCalls::call_helper(JavaValue*, methodHandle*, JavaCallArguments*, Thread*)+0x1e0
V  [libjvm.so+0x70f2f9]  os::os_exception_wrapper(void (*)(JavaValue*, methodHandle*, JavaCallArguments*, Thread*), JavaValue*, methodHandle*, JavaCallArguments*, Thread*)+0x19
V  [libjvm.so+0x4df1e5]  JavaCalls::call(JavaValue*, methodHandle, JavaCallArguments*, Thread*)+0x25
V  [libjvm.so+0x76d139]  Reflection::invoke(instanceKlassHandle, methodHandle, Handle, bool, objArrayHandle, BasicType, objArrayHandle, bool, Thread*)+0x519
V  [libjvm.so+0x77134f]  Reflection::invoke_method(oopDesc*, Handle, objArrayHandle, Thread*)+0x11f
V  [libjvm.so+0x56d56e]  JVM_InvokeMethod+0x21e
C  [libjava.so+0x19615]  Java_sun_reflect_NativeMethodAccessorImpl_invoke0+0x15
j  sun.reflect.NativeMethodAccessorImpl.invoke(Ljava/lang/Object;[Ljava/lang/Object;)Ljava/lang/Object;+87
j  sun.reflect.DelegatingMethodAccessorImpl.invoke(Ljava/lang/Object;[Ljava/lang/Object;)Ljava/lang/Object;+6
j  java.lang.reflect.Method.invoke(Ljava/lang/Object;[Ljava/lang/Object;)Ljava/lang/Object;+161
j  com.intellij.rt.execution.application.AppMain.main([Ljava/lang/String;)V+140
v  ~StubRoutines::call_stub
V  [libjvm.so+0x4df3d0]  JavaCalls::call_helper(JavaValue*, methodHandle*, JavaCallArguments*, Thread*)+0x1e0
V  [libjvm.so+0x70f2f9]  os::os_exception_wrapper(void (*)(JavaValue*, methodHandle*, JavaCallArguments*, Thread*), JavaValue*, methodHandle*, JavaCallArguments*, Thread*)+0x19
V  [libjvm.so+0x4df1e5]  JavaCalls::call(JavaValue*, methodHandle, JavaCallArguments*, Thread*)+0x25
V  [libjvm.so+0x51ac37]  jni_invoke_static(JNIEnv_*, JavaValue*, _jobject*, JNICallType, _jmethodID*, JNI_ArgumentPusher*, Thread*)+0x147
V  [libjvm.so+0x5083cf]  unsigned+0x20f

Java frames: (J=compiled Java code, j=interpreted, Vv=VM code)
j  com.sun.jna.Native.getString(JZ)Ljava/lang/String;+0
j  com.sun.jna.Pointer.getString(JZ)Ljava/lang/String;+7
j  com.sun.jna.Pointer.getStringArray(JIZ)[Ljava/lang/String;+129
j  com.sun.jna.Pointer.getStringArray(J)[Ljava/lang/String;+4
j  org.kevoree.extra.kserial.Test.main([Ljava/lang/String;)V+22
v  ~StubRoutines::call_stub
j  sun.reflect.NativeMethodAccessorImpl.invoke0(Ljava/lang/reflect/Method;Ljava/lang/Object;[Ljava/lang/Object;)Ljava/lang/Object;+0
j  sun.reflect.NativeMethodAccessorImpl.invoke(Ljava/lang/Object;[Ljava/lang/Object;)Ljava/lang/Object;+87
j  sun.reflect.DelegatingMethodAccessorImpl.invoke(Ljava/lang/Object;[Ljava/lang/Object;)Ljava/lang/Object;+6
j  java.lang.reflect.Method.invoke(Ljava/lang/Object;[Ljava/lang/Object;)Ljava/lang/Object;+161
j  com.intellij.rt.execution.application.AppMain.main([Ljava/lang/String;)V+140
v  ~StubRoutines::call_stub

---------------  P R O C E S S  ---------------

Java Threads: ( => current thread )
  0x00007f8d3c07c800 JavaThread "Monitor Ctrl-Break" daemon [_thread_in_native, id=28615, stack(0x00007f8d410b5000,0x00007f8d411b6000)]
  0x00007f8d3c001800 JavaThread "Low Memory Detector" daemon [_thread_blocked, id=28613, stack(0x00007f8d41590000,0x00007f8d41691000)]
  0x0000000041a5f800 JavaThread "C2 CompilerThread1" daemon [_thread_blocked, id=28612, stack(0x00007f8d41691000,0x00007f8d41792000)]
  0x0000000041a5c000 JavaThread "C2 CompilerThread0" daemon [_thread_blocked, id=28611, stack(0x00007f8d41792000,0x00007f8d41893000)]
  0x0000000041a59800 JavaThread "Signal Dispatcher" daemon [_thread_blocked, id=28610, stack(0x00007f8d41893000,0x00007f8d41994000)]
  0x0000000041a3d000 JavaThread "Finalizer" daemon [_thread_blocked, id=28609, stack(0x00007f8d422c5000,0x00007f8d423c6000)]
  0x0000000041a35800 JavaThread "Reference Handler" daemon [_thread_blocked, id=28608, stack(0x00007f8d423c6000,0x00007f8d424c7000)]
=>0x00000000419d1000 JavaThread "main" [_thread_in_native, id=28602, stack(0x00007f8d471cb000,0x00007f8d472cc000)]

Other Threads:
  0x0000000041a2f000 VMThread [stack: 0x00007f8d424c7000,0x00007f8d425c8000] [id=28607]
  0x00007f8d3c00c000 WatcherThread [stack: 0x00007f8d4148f000,0x00007f8d41590000] [id=28614]

VM state:not at safepoint (normal execution)

VM Mutex/Monitor currently owned by a thread: None

Heap
 PSYoungGen      total 17856K, used 2167K [0x00000000ec160000, 0x00000000ed540000, 0x0000000100000000)
  eden space 15360K, 14% used [0x00000000ec160000,0x00000000ec37dd68,0x00000000ed060000)
  from space 2496K, 0% used [0x00000000ed2d0000,0x00000000ed2d0000,0x00000000ed540000)
  to   space 2496K, 0% used [0x00000000ed060000,0x00000000ed060000,0x00000000ed2d0000)
 PSOldGen        total 40832K, used 0K [0x00000000c4400000, 0x00000000c6be0000, 0x00000000ec160000)
  object space 40832K, 0% used [0x00000000c4400000,0x00000000c4400000,0x00000000c6be0000)
 PSPermGen       total 21248K, used 4530K [0x00000000bf200000, 0x00000000c06c0000, 0x00000000c4400000)
  object space 21248K, 21% used [0x00000000bf200000,0x00000000bf66cb58,0x00000000c06c0000)

Code Cache  [0x00007f8d43435000, 0x00007f8d436a5000, 0x00007f8d46435000)
 total_blobs=198 nmethods=7 adapters=146 free_code_cache=49921600 largest_free_block=12224

Dynamic libraries:
40000000-40009000 r-xp 00000000 08:04 14814173                           /opt/jdk1.6.0_27/bin/java
40108000-4010a000 rwxp 00008000 08:04 14814173                           /opt/jdk1.6.0_27/bin/java
419c8000-41c3d000 rwxp 00000000 00:00 0                                  [heap]
bf200000-c06c0000 rwxp 00000000 00:00 0 
c06c0000-c4400000 rwxp 00000000 00:00 0 
c4400000-c6be0000 rwxp 00000000 00:00 0 
c6be0000-ec160000 rwxp 00000000 00:00 0 
ec160000-ed540000 rwxp 00000000 00:00 0 
ed540000-100000000 rwxp 00000000 00:00 0 
7f8d3c000000-7f8d3c1a7000 rwxp 00000000 00:00 0 
7f8d3c1a7000-7f8d40000000 ---p 00000000 00:00 0 
7f8d40c53000-7f8d40c55000 r-xp 00000000 08:04 6816422                    /tmp/kserial/serialposix.so
7f8d40c55000-7f8d40e54000 ---p 00002000 08:04 6816422                    /tmp/kserial/serialposix.so
7f8d40e54000-7f8d40e55000 r-xp 00001000 08:04 6816422                    /tmp/kserial/serialposix.so
7f8d40e55000-7f8d40e56000 rwxp 00002000 08:04 6816422                    /tmp/kserial/serialposix.so
7f8d40e56000-7f8d40e57000 rwxp 00000000 00:00 0 
7f8d40e57000-7f8d40e6c000 r-xp 00000000 08:04 6816423                    /tmp/jna3012078172121514223.tmp
7f8d40e6c000-7f8d40f6b000 ---p 00015000 08:04 6816423                    /tmp/jna3012078172121514223.tmp
7f8d40f6b000-7f8d40f6d000 rwxp 00014000 08:04 6816423                    /tmp/jna3012078172121514223.tmp
7f8d40f6d000-7f8d40f9e000 rwxp 00000000 00:00 0 
7f8d40f9e000-7f8d40fb1000 r-xp 00000000 08:04 14814811                   /opt/jdk1.6.0_27/jre/lib/amd64/libnet.so
7f8d40fb1000-7f8d410b2000 ---p 00013000 08:04 14814811                   /opt/jdk1.6.0_27/jre/lib/amd64/libnet.so
7f8d410b2000-7f8d410b5000 rwxp 00014000 08:04 14814811                   /opt/jdk1.6.0_27/jre/lib/amd64/libnet.so
7f8d410b5000-7f8d410b8000 ---p 00000000 00:00 0 
7f8d410b8000-7f8d411b6000 rwxp 00000000 00:00 0 
7f8d411b6000-7f8d411b7000 r-xp 00000000 08:04 17826618                   /opt/idea-IC-111.167/bin/libbreakgen64.so
7f8d411b7000-7f8d413b6000 ---p 00001000 08:04 17826618                   /opt/idea-IC-111.167/bin/libbreakgen64.so
7f8d413b6000-7f8d413b7000 r-xp 00000000 08:04 17826618                   /opt/idea-IC-111.167/bin/libbreakgen64.so
7f8d413b7000-7f8d413b8000 rwxp 00001000 08:04 17826618                   /opt/idea-IC-111.167/bin/libbreakgen64.so
7f8d413b8000-7f8d413ba000 r-xs 00013000 08:04 17826412                   /opt/idea-IC-111.167/lib/idea_rt.jar
7f8d413ba000-7f8d413be000 r-xs 000d0000 08:04 14817327                   /home/jed/.m2/repository/net/java/dev/jna/jna/3.3.0/jna-3.3.0.jar
7f8d413be000-7f8d4143b000 r-xs 007f2000 08:04 12978923                   /home/jed/.m2/repository/org/scala-lang/scala-library/2.9.1/scala-library-2.9.1.jar
7f8d4143b000-7f8d4143e000 r-xs 00013000 08:04 14814996                   /opt/jdk1.6.0_27/jre/lib/jce.jar
7f8d4143e000-7f8d4144d000 r-xs 00667000 08:04 14814887                   /opt/jdk1.6.0_27/jre/lib/charsets.jar
7f8d4144d000-7f8d4144f000 r-xs 00009000 08:04 14814978                   /opt/jdk1.6.0_27/jre/lib/alt-string.jar
7f8d4144f000-7f8d41450000 r-xs 00000000 08:04 14814989                   /opt/jdk1.6.0_27/jre/lib/management-agent.jar
7f8d41450000-7f8d41453000 r-xs 0001c000 08:04 14814988                   /opt/jdk1.6.0_27/jre/lib/alt-rt.jar
7f8d41453000-7f8d4145a000 r-xs 00094000 08:04 14814879                   /opt/jdk1.6.0_27/jre/lib/jsse.jar
7f8d4145a000-7f8d4146b000 r-xs 0034a000 08:04 14814804                   /opt/jdk1.6.0_27/jre/lib/deploy.jar
7f8d4146b000-7f8d41473000 r-xs 00115000 08:04 14814928                   /opt/jdk1.6.0_27/jre/lib/resources.jar
7f8d41473000-7f8d4147d000 r-xs 000d7000 08:04 14814710                   /opt/jdk1.6.0_27/jre/lib/javaws.jar
7f8d4147d000-7f8d4148f000 r-xs 001b0000 08:04 14814705                   /opt/jdk1.6.0_27/jre/lib/plugin.jar
7f8d4148f000-7f8d41490000 ---p 00000000 00:00 0 
7f8d41490000-7f8d41590000 rwxp 00000000 00:00 0 
7f8d41590000-7f8d41593000 ---p 00000000 00:00 0 
7f8d41593000-7f8d41691000 rwxp 00000000 00:00 0 
7f8d41691000-7f8d41694000 ---p 00000000 00:00 0 
7f8d41694000-7f8d41792000 rwxp 00000000 00:00 0 
7f8d41792000-7f8d41795000 ---p 00000000 00:00 0 
7f8d41795000-7f8d41893000 rwxp 00000000 00:00 0 
7f8d41893000-7f8d41896000 ---p 00000000 00:00 0 
7f8d41896000-7f8d41994000 rwxp 00000000 00:00 0 
7f8d41994000-7f8d422c5000 r-xp 00000000 08:04 7740419                    /usr/lib/locale/locale-archive
7f8d422c5000-7f8d422c8000 ---p 00000000 00:00 0 
7f8d422c8000-7f8d423c6000 rwxp 00000000 00:00 0 
7f8d423c6000-7f8d423c9000 ---p 00000000 00:00 0 
7f8d423c9000-7f8d424c7000 rwxp 00000000 00:00 0 
7f8d424c7000-7f8d424c8000 ---p 00000000 00:00 0 
7f8d424c8000-7f8d42b01000 rwxp 00000000 00:00 0 
7f8d42b01000-7f8d42c99000 r-xs 0302e000 08:04 14816906                   /opt/jdk1.6.0_27/jre/lib/rt.jar
7f8d42c99000-7f8d42cc1000 rwxp 00000000 00:00 0 
7f8d42cc1000-7f8d42cc2000 ---p 00000000 00:00 0 
7f8d42cc2000-7f8d42dc2000 rwxp 00000000 00:00 0 
7f8d42dc2000-7f8d42dc3000 ---p 00000000 00:00 0 
7f8d42dc3000-7f8d42ec3000 rwxp 00000000 00:00 0 
7f8d42ec3000-7f8d42ec4000 ---p 00000000 00:00 0 
7f8d42ec4000-7f8d42fc4000 rwxp 00000000 00:00 0 
7f8d42fc4000-7f8d42fc5000 ---p 00000000 00:00 0 
7f8d42fc5000-7f8d430d0000 rwxp 00000000 00:00 0 
7f8d430d0000-7f8d430ee000 rwxp 00000000 00:00 0 
7f8d430ee000-7f8d43102000 rwxp 00000000 00:00 0 
7f8d43102000-7f8d4322d000 rwxp 00000000 00:00 0 
7f8d4322d000-7f8d43238000 rwxp 00000000 00:00 0 
7f8d43238000-7f8d43256000 rwxp 00000000 00:00 0 
7f8d43256000-7f8d4326a000 rwxp 00000000 00:00 0 
7f8d4326a000-7f8d43394000 rwxp 00000000 00:00 0 
7f8d43394000-7f8d4339f000 rwxp 00000000 00:00 0 
7f8d4339f000-7f8d43434000 rwxp 00000000 00:00 0 
7f8d43434000-7f8d436a5000 rwxp 00000000 00:00 0 
7f8d436a5000-7f8d46435000 rwxp 00000000 00:00 0 
7f8d46435000-7f8d46443000 r-xp 00000000 08:04 14814822                   /opt/jdk1.6.0_27/jre/lib/amd64/libzip.so
7f8d46443000-7f8d46545000 ---p 0000e000 08:04 14814822                   /opt/jdk1.6.0_27/jre/lib/amd64/libzip.so
7f8d46545000-7f8d46548000 rwxp 00010000 08:04 14814822                   /opt/jdk1.6.0_27/jre/lib/amd64/libzip.so
7f8d46548000-7f8d46549000 rwxp 00000000 00:00 0 
7f8d46549000-7f8d46555000 r-xp 00000000 08:04 3150102                    /lib/x86_64-linux-gnu/libnss_files-2.13.so
7f8d46555000-7f8d46754000 ---p 0000c000 08:04 3150102                    /lib/x86_64-linux-gnu/libnss_files-2.13.so
7f8d46754000-7f8d46755000 r-xp 0000b000 08:04 3150102                    /lib/x86_64-linux-gnu/libnss_files-2.13.so
7f8d46755000-7f8d46756000 rwxp 0000c000 08:04 3150102                    /lib/x86_64-linux-gnu/libnss_files-2.13.so
7f8d46756000-7f8d46760000 r-xp 00000000 08:04 3150108                    /lib/x86_64-linux-gnu/libnss_nis-2.13.so
7f8d46760000-7f8d46960000 ---p 0000a000 08:04 3150108                    /lib/x86_64-linux-gnu/libnss_nis-2.13.so
7f8d46960000-7f8d46961000 r-xp 0000a000 08:04 3150108                    /lib/x86_64-linux-gnu/libnss_nis-2.13.so
7f8d46961000-7f8d46962000 rwxp 0000b000 08:04 3150108                    /lib/x86_64-linux-gnu/libnss_nis-2.13.so
7f8d46962000-7f8d4696a000 r-xp 00000000 08:04 3150094                    /lib/x86_64-linux-gnu/libnss_compat-2.13.so
7f8d4696a000-7f8d46b69000 ---p 00008000 08:04 3150094                    /lib/x86_64-linux-gnu/libnss_compat-2.13.so
7f8d46b69000-7f8d46b6a000 r-xp 00007000 08:04 3150094                    /lib/x86_64-linux-gnu/libnss_compat-2.13.so
7f8d46b6a000-7f8d46b6b000 rwxp 00008000 08:04 3150094                    /lib/x86_64-linux-gnu/libnss_compat-2.13.so
7f8d46b6b000-7f8d46b82000 r-xp 00000000 08:04 3150097                    /lib/x86_64-linux-gnu/libnsl-2.13.so
7f8d46b82000-7f8d46d81000 ---p 00017000 08:04 3150097                    /lib/x86_64-linux-gnu/libnsl-2.13.so
7f8d46d81000-7f8d46d82000 r-xp 00016000 08:04 3150097                    /lib/x86_64-linux-gnu/libnsl-2.13.so
7f8d46d82000-7f8d46d83000 rwxp 00017000 08:04 3150097                    /lib/x86_64-linux-gnu/libnsl-2.13.so
7f8d46d83000-7f8d46d85000 rwxp 00000000 00:00 0 
7f8d46d85000-7f8d46dae000 r-xp 00000000 08:04 14814835                   /opt/jdk1.6.0_27/jre/lib/amd64/libjava.so
7f8d46dae000-7f8d46ead000 ---p 00029000 08:04 14814835                   /opt/jdk1.6.0_27/jre/lib/amd64/libjava.so
7f8d46ead000-7f8d46eb4000 rwxp 00028000 08:04 14814835                   /opt/jdk1.6.0_27/jre/lib/amd64/libjava.so
7f8d46eb4000-7f8d46ec1000 r-xp 00000000 08:04 14814817                   /opt/jdk1.6.0_27/jre/lib/amd64/libverify.so
7f8d46ec1000-7f8d46fc0000 ---p 0000d000 08:04 14814817                   /opt/jdk1.6.0_27/jre/lib/amd64/libverify.so
7f8d46fc0000-7f8d46fc3000 rwxp 0000c000 08:04 14814817                   /opt/jdk1.6.0_27/jre/lib/amd64/libverify.so
7f8d46fc3000-7f8d46fca000 r-xp 00000000 08:04 3145752                    /lib/x86_64-linux-gnu/librt-2.13.so
7f8d46fca000-7f8d471c9000 ---p 00007000 08:04 3145752                    /lib/x86_64-linux-gnu/librt-2.13.so
7f8d471c9000-7f8d471ca000 r-xp 00006000 08:04 3145752                    /lib/x86_64-linux-gnu/librt-2.13.so
7f8d471ca000-7f8d471cb000 rwxp 00007000 08:04 3145752                    /lib/x86_64-linux-gnu/librt-2.13.so
7f8d471cb000-7f8d471ce000 ---p 00000000 00:00 0 
7f8d471ce000-7f8d472cc000 rwxp 00000000 00:00 0 
7f8d472cc000-7f8d4734f000 r-xp 00000000 08:04 3150109                    /lib/x86_64-linux-gnu/libm-2.13.so
7f8d4734f000-7f8d4754e000 ---p 00083000 08:04 3150109                    /lib/x86_64-linux-gnu/libm-2.13.so
7f8d4754e000-7f8d4754f000 r-xp 00082000 08:04 3150109                    /lib/x86_64-linux-gnu/libm-2.13.so
7f8d4754f000-7f8d47550000 rwxp 00083000 08:04 3150109                    /lib/x86_64-linux-gnu/libm-2.13.so
7f8d47550000-7f8d47e6a000 r-xp 00000000 08:04 14814842                   /opt/jdk1.6.0_27/jre/lib/amd64/server/libjvm.so
7f8d47e6a000-7f8d47f69000 ---p 0091a000 08:04 14814842                   /opt/jdk1.6.0_27/jre/lib/amd64/server/libjvm.so
7f8d47f69000-7f8d4811f000 rwxp 00919000 08:04 14814842                   /opt/jdk1.6.0_27/jre/lib/amd64/server/libjvm.so
7f8d4811f000-7f8d48158000 rwxp 00000000 00:00 0 
7f8d48158000-7f8d482ed000 r-xp 00000000 08:04 3150099                    /lib/x86_64-linux-gnu/libc-2.13.so
7f8d482ed000-7f8d484ec000 ---p 00195000 08:04 3150099                    /lib/x86_64-linux-gnu/libc-2.13.so
7f8d484ec000-7f8d484f0000 r-xp 00194000 08:04 3150099                    /lib/x86_64-linux-gnu/libc-2.13.so
7f8d484f0000-7f8d484f1000 rwxp 00198000 08:04 3150099                    /lib/x86_64-linux-gnu/libc-2.13.so
7f8d484f1000-7f8d484f7000 rwxp 00000000 00:00 0 
7f8d484f7000-7f8d484f9000 r-xp 00000000 08:04 3150100                    /lib/x86_64-linux-gnu/libdl-2.13.so
7f8d484f9000-7f8d486f9000 ---p 00002000 08:04 3150100                    /lib/x86_64-linux-gnu/libdl-2.13.so
7f8d486f9000-7f8d486fa000 r-xp 00002000 08:04 3150100                    /lib/x86_64-linux-gnu/libdl-2.13.so
7f8d486fa000-7f8d486fb000 rwxp 00003000 08:04 3150100                    /lib/x86_64-linux-gnu/libdl-2.13.so
7f8d486fb000-7f8d48713000 r-xp 00000000 08:04 3150107                    /lib/x86_64-linux-gnu/libpthread-2.13.so
7f8d48713000-7f8d48912000 ---p 00018000 08:04 3150107                    /lib/x86_64-linux-gnu/libpthread-2.13.so
7f8d48912000-7f8d48913000 r-xp 00017000 08:04 3150107                    /lib/x86_64-linux-gnu/libpthread-2.13.so
7f8d48913000-7f8d48914000 rwxp 00018000 08:04 3150107                    /lib/x86_64-linux-gnu/libpthread-2.13.so
7f8d48914000-7f8d48918000 rwxp 00000000 00:00 0 
7f8d48918000-7f8d48939000 r-xp 00000000 08:04 3150106                    /lib/x86_64-linux-gnu/ld-2.13.so
7f8d4893e000-7f8d48948000 rwxp 00000000 00:00 0 
7f8d48948000-7f8d489fe000 rwxp 00000000 00:00 0 
7f8d489fe000-7f8d48a01000 rwxp 00000000 00:00 0 
7f8d48a01000-7f8d48a08000 r-xp 00000000 08:04 14814807                   /opt/jdk1.6.0_27/jre/lib/amd64/jli/libjli.so
7f8d48a08000-7f8d48b09000 ---p 00007000 08:04 14814807                   /opt/jdk1.6.0_27/jre/lib/amd64/jli/libjli.so
7f8d48b09000-7f8d48b0b000 rwxp 00008000 08:04 14814807                   /opt/jdk1.6.0_27/jre/lib/amd64/jli/libjli.so
7f8d48b0b000-7f8d48b0c000 rwxp 00000000 00:00 0 
7f8d48b2c000-7f8d48b34000 rwxs 00000000 08:04 6816421                    /tmp/hsperfdata_jed/28601
7f8d48b34000-7f8d48b35000 rwxp 00000000 00:00 0 
7f8d48b35000-7f8d48b36000 r-xp 00000000 00:00 0 
7f8d48b36000-7f8d48b38000 rwxp 00000000 00:00 0 
7f8d48b38000-7f8d48b39000 r-xp 00020000 08:04 3150106                    /lib/x86_64-linux-gnu/ld-2.13.so
7f8d48b39000-7f8d48b3b000 rwxp 00021000 08:04 3150106                    /lib/x86_64-linux-gnu/ld-2.13.so
7fff33080000-7fff330a1000 rwxp 00000000 00:00 0                          [stack]
7fff331da000-7fff331db000 r-xp 00000000 00:00 0                          [vdso]
ffffffffff600000-ffffffffff601000 r-xp 00000000 00:00 0                  [vsyscall]

VM Arguments:
jvm_args: -Didea.launcher.port=7535 -Didea.launcher.bin.path=/opt/idea-IC-111.167/bin -Dfile.encoding=UTF-8 
java_command: com.intellij.rt.execution.application.AppMain org.kevoree.extra.kserial.Test
Launcher Type: SUN_STANDARD

Environment Variables:
JAVA_HOME=/opt/jdk1.6.0_27
CLASSPATH=../lib/bootstrap.jar:../lib/util.jar:../lib/jdom.jar:../lib/log4j.jar:../lib/extensions.jar:../lib/trove4j.jar:../lib/jna.jar:/opt/jdk1.6.0_27/lib/tools.jar:
PATH=/usr/lib/lightdm/lightdm:$JAVA_HOME/bin:$M2:/usr/local/sbin:/usr/local/bin:/usr/sbin:/usr/bin:/sbin:/bin:/usr/games
USERNAME=jed
LD_LIBRARY_PATH=/opt/jdk1.6.0_27/jre/lib/amd64/server:/opt/jdk1.6.0_27/jre/lib/amd64:/opt/jdk1.6.0_27/jre/../lib/amd64:.:
SHELL=/bin/bash
DISPLAY=:0.0

Signal Handlers:
SIGSEGV: [libjvm.so+0x85f3a0], sa_mask[0]=0x7ffbfeff, sa_flags=0x10000004
SIGBUS: [libjvm.so+0x85f3a0], sa_mask[0]=0x7ffbfeff, sa_flags=0x10000004
SIGFPE: [libjvm.so+0x70dfd0], sa_mask[0]=0x7ffbfeff, sa_flags=0x10000004
SIGPIPE: [libjvm.so+0x70dfd0], sa_mask[0]=0x7ffbfeff, sa_flags=0x10000004
SIGXFSZ: [libjvm.so+0x70dfd0], sa_mask[0]=0x7ffbfeff, sa_flags=0x10000004
SIGILL: [libjvm.so+0x70dfd0], sa_mask[0]=0x7ffbfeff, sa_flags=0x10000004
SIGUSR1: SIG_DFL, sa_mask[0]=0x00000000, sa_flags=0x00000000
SIGUSR2: [libjvm.so+0x710de0], sa_mask[0]=0x00000004, sa_flags=0x10000004
SIGHUP: [libjvm.so+0x7109e0], sa_mask[0]=0x7ffbfeff, sa_flags=0x10000004
SIGINT: [libjvm.so+0x7109e0], sa_mask[0]=0x7ffbfeff, sa_flags=0x10000004
SIGTERM: [libjvm.so+0x7109e0], sa_mask[0]=0x7ffbfeff, sa_flags=0x10000004
SIGQUIT: [libjvm.so+0x7109e0], sa_mask[0]=0x7ffbfeff, sa_flags=0x10000004


---------------  S Y S T E M  ---------------

OS:wheezy/sid

uname:Linux 3.0.0-15-generic #26-Ubuntu SMP Fri Jan 20 17:23:00 UTC 2012 x86_64
libc:glibc 2.13 NPTL 2.13 
rlimit: STACK 8192k, CORE 0k, NPROC 30406, NOFILE 4096, AS infinity
load average:0.32 0.28 0.25

/proc/meminfo:
MemTotal:        3915520 kB
MemFree:          198792 kB
Buffers:           51064 kB
Cached:           738520 kB
SwapCached:         3392 kB
Active:          2415400 kB
Inactive:         978220 kB
Active(anon):    2033620 kB
Inactive(anon):   595028 kB
Active(file):     381780 kB
Inactive(file):   383192 kB
Unevictable:          48 kB
Mlocked:              48 kB
SwapTotal:       1953120 kB
SwapFree:        1914404 kB
Dirty:              1060 kB
Writeback:             0 kB
AnonPages:       2601344 kB
Mapped:           166800 kB
Shmem:             24556 kB
Slab:             168224 kB
SReclaimable:     136972 kB
SUnreclaim:        31252 kB
KernelStack:        4584 kB
PageTables:        32752 kB
NFS_Unstable:          0 kB
Bounce:                0 kB
WritebackTmp:          0 kB
CommitLimit:     3910880 kB
Committed_AS:    4685932 kB
VmallocTotal:   34359738367 kB
VmallocUsed:       98964 kB
VmallocChunk:   34359595004 kB
HardwareCorrupted:     0 kB
AnonHugePages:         0 kB
HugePages_Total:       0
HugePages_Free:        0
HugePages_Rsvd:        0
HugePages_Surp:        0
Hugepagesize:       2048 kB
DirectMap4k:      149964 kB
DirectMap2M:     3903488 kB


CPU:total 4 (2 cores per cpu, 2 threads per core) family 6 model 37 stepping 5, cmov, cx8, fxsr, mmx, sse, sse2, sse3, ssse3, sse4.1, sse4.2, popcnt, ht

/proc/cpuinfo:
processor	: 0
vendor_id	: GenuineIntel
cpu family	: 6
model		: 37
model name	: Intel(R) Core(TM) i7 CPU       M 620  @ 2.67GHz
stepping	: 5
cpu MHz		: 2527.000
cache size	: 4096 KB
physical id	: 0
siblings	: 4
core id		: 0
cpu cores	: 2
apicid		: 0
initial apicid	: 0
fpu		: yes
fpu_exception	: yes
cpuid level	: 11
wp		: yes
flags		: fpu vme de pse tsc msr pae mce cx8 apic sep mtrr pge mca cmov pat pse36 clflush dts acpi mmx fxsr sse sse2 ss ht tm pbe syscall nx rdtscp lm constant_tsc arch_perfmon pebs bts nopl xtopology nonstop_tsc aperfmperf pni pclmulqdq dtes64 monitor ds_cpl vmx smx est tm2 ssse3 cx16 xtpr pdcm sse4_1 sse4_2 popcnt aes lahf_lm ida arat dts tpr_shadow vnmi flexpriority ept vpid
bogomips	: 5321.09
clflush size	: 64
cache_alignment	: 64
address sizes	: 36 bits physical, 48 bits virtual
power management:

processor	: 1
vendor_id	: GenuineIntel
cpu family	: 6
model		: 37
model name	: Intel(R) Core(TM) i7 CPU       M 620  @ 2.67GHz
stepping	: 5
cpu MHz		: 1197.000
cache size	: 4096 KB
physical id	: 0
siblings	: 4
core id		: 0
cpu cores	: 2
apicid		: 1
initial apicid	: 1
fpu		: yes
fpu_exception	: yes
cpuid level	: 11
wp		: yes
flags		: fpu vme de pse tsc msr pae mce cx8 apic sep mtrr pge mca cmov pat pse36 clflush dts acpi mmx fxsr sse sse2 ss ht tm pbe syscall nx rdtscp lm constant_tsc arch_perfmon pebs bts nopl xtopology nonstop_tsc aperfmperf pni pclmulqdq dtes64 monitor ds_cpl vmx smx est tm2 ssse3 cx16 xtpr pdcm sse4_1 sse4_2 popcnt aes lahf_lm ida arat dts tpr_shadow vnmi flexpriority ept vpid
bogomips	: 5320.06
clflush size	: 64
cache_alignment	: 64
address sizes	: 36 bits physical, 48 bits virtual
power management:

processor	: 2
vendor_id	: GenuineIntel
cpu family	: 6
model		: 37
model name	: Intel(R) Core(TM) i7 CPU       M 620  @ 2.67GHz
stepping	: 5
cpu MHz		: 1197.000
cache size	: 4096 KB
physical id	: 0
siblings	: 4
core id		: 2
cpu cores	: 2
apicid		: 4
initial apicid	: 4
fpu		: yes
fpu_exception	: yes
cpuid level	: 11
wp		: yes
flags		: fpu vme de pse tsc msr pae mce cx8 apic sep mtrr pge mca cmov pat pse36 clflush dts acpi mmx fxsr sse sse2 ss ht tm pbe syscall nx rdtscp lm constant_tsc arch_perfmon pebs bts nopl xtopology nonstop_tsc aperfmperf pni pclmulqdq dtes64 monitor ds_cpl vmx smx est tm2 ssse3 cx16 xtpr pdcm sse4_1 sse4_2 popcnt aes lahf_lm ida arat dts tpr_shadow vnmi flexpriority ept vpid
bogomips	: 5322.92
clflush size	: 64
cache_alignment	: 64
address sizes	: 36 bits physical, 48 bits virtual
power management:

processor	: 3
vendor_id	: GenuineIntel
cpu family	: 6
model		: 37
model name	: Intel(R) Core(TM) i7 CPU       M 620  @ 2.67GHz
stepping	: 5
cpu MHz		: 1197.000
cache size	: 4096 KB
physical id	: 0
siblings	: 4
core id		: 2
cpu cores	: 2
apicid		: 5
initial apicid	: 5
fpu		: yes
fpu_exception	: yes
cpuid level	: 11
wp		: yes
flags		: fpu vme de pse tsc msr pae mce cx8 apic sep mtrr pge mca cmov pat pse36 clflush dts acpi mmx fxsr sse sse2 ss ht tm pbe syscall nx rdtscp lm constant_tsc arch_perfmon pebs bts nopl xtopology nonstop_tsc aperfmperf pni pclmulqdq dtes64 monitor ds_cpl vmx smx est tm2 ssse3 cx16 xtpr pdcm sse4_1 sse4_2 popcnt aes lahf_lm ida arat dts tpr_shadow vnmi flexpriority ept vpid
bogomips	: 5323.18
clflush size	: 64
cache_alignment	: 64
address sizes	: 36 bits physical, 48 bits virtual
power management:



Memory: 4k page, physical 3915520k(198792k free), swap 1953120k(1914404k free)

vm_info: Java HotSpot(TM) 64-Bit Server VM (20.2-b06) for linux-amd64 JRE (1.6.0_27-b07), built on Jul 19 2011 01:21:53 by "java_re" with gcc 3.2.2 (SuSE Linux)

time: Fri Feb  3 15:25:36 2012
elapsed time: 0 seconds

