#
# A fatal error has been detected by the Java Runtime Environment:
#
#  SIGSEGV (0xb) at pc=0x0000000000000000, pid=11993, tid=139843349571328
#
# JRE version: 6.0_27-b07
# Java VM: Java HotSpot(TM) 64-Bit Server VM (20.2-b06 mixed mode linux-amd64 compressed oops)
# Problematic frame:
# C  0x0000000000000000
#
# If you would like to submit a bug report, please visit:
#   http://java.sun.com/webapps/bugreport/crash.jsp
#

---------------  T H R E A D  ---------------

Current thread is native thread

siginfo:si_signo=SIGSEGV: si_errno=0, si_code=1 (SEGV_MAPERR), si_addr=0x0000000000000000

Registers:
RAX=0x0000000000000000, RBX=0x0000000000000000, RCX=0x00007f2fd88a6f65, RDX=0x0000000000000000
RSP=0x00007f2fd12cdc18, RBP=0x00007f2fd12cdec0, RSI=0x00007f2fd12cdc20, RDI=0x0000000000000016
R8 =0x00007f2fd12ce700, R9 =0x0000000000000000, R10=0x00007f2fd12cd9b0, R11=0x0000000000000246
R12=0x00007f2fd8d88c20, R13=0x00007f2fd12ce9c0, R14=0x0000000000000004, R15=0x0000000000000007
RIP=0x0000000000000000, EFLAGS=0x0000000000010246, CSGSFS=0x0000000000000033, ERR=0x0000000000000014
  TRAPNO=0x000000000000000e

Top of Stack: (sp=0x00007f2fd12cdc18)
0x00007f2fd12cdc18:   00007f2fd12d03a6 0000000000000005
0x00007f2fd12cdc28:   00000000000d5651 0000000000000001
0x00007f2fd12cdc38:   00000000000021b0 0000000000000014
0x00007f2fd12cdc48:   000000000000bc00 0000000000000000
0x00007f2fd12cdc58:   0000000000001000 0000000000000000
0x00007f2fd12cdc68:   000000004f26d802 0000000008a27f79
0x00007f2fd12cdc78:   000000004f26d802 0000000008a27f79
0x00007f2fd12cdc88:   000000004f26d802 0000000008a27f79
0x00007f2fd12cdc98:   0000000000000000 0000000000000000
0x00007f2fd12cdca8:   0000000000000000 0000000000000000
0x00007f2fd12cdcb8:   0000000000000000 0000000000000000
0x00007f2fd12cdcc8:   0000000000000000 0000000000000000
0x00007f2fd12cdcd8:   0000000000000000 0000000000000000
0x00007f2fd12cdce8:   0000000000000000 0000000000000000
0x00007f2fd12cdcf8:   0000000000000000 0000000000000000
0x00007f2fd12cdd08:   0000000000000000 0000000000000000
0x00007f2fd12cdd18:   0000000000000000 0000000000000000
0x00007f2fd12cdd28:   0000000000000000 0000000000000000
0x00007f2fd12cdd38:   0000000000000000 0000000000000000
0x00007f2fd12cdd48:   0000000000000000 0000000000000000
0x00007f2fd12cdd58:   0000000000000000 0000000000000000
0x00007f2fd12cdd68:   0000000000000000 0000000000000000
0x00007f2fd12cdd78:   0000000000000000 0000000000000000
0x00007f2fd12cdd88:   0000000000000000 0000000000000000
0x00007f2fd12cdd98:   0000000000000000 0000000000000000
0x00007f2fd12cdda8:   0000000000000000 0000000000000000
0x00007f2fd12cddb8:   0000000000000000 0000000000000000
0x00007f2fd12cddc8:   0000000000000000 0000000000000000
0x00007f2fd12cddd8:   0000000000000000 0000000000000000
0x00007f2fd12cdde8:   0000000000000000 0000000000000000
0x00007f2fd12cddf8:   0000000000000000 0000000000000000
0x00007f2fd12cde08:   0000000000000000 0000000000000000 

Instructions: (pc=0x0000000000000000)
0xffffffffffffffe0:   

Register to memory mapping:

RAX=0x0000000000000000 is an unknown value
RBX=0x0000000000000000 is an unknown value
RCX=0x00007f2fd88a6f65: __xstat64+0x15 in /lib/x86_64-linux-gnu/libc.so.6 at 0x00007f2fd87d4000
RDX=0x0000000000000000 is an unknown value
RSP=0x00007f2fd12cdc18 is an unknown value
RBP=0x00007f2fd12cdec0 is an unknown value
RSI=0x00007f2fd12cdc20 is an unknown value
RDI=0x0000000000000016 is an unknown value
R8 =0x00007f2fd12ce700 is an unknown value
R9 =0x0000000000000000 is an unknown value
R10=0x00007f2fd12cd9b0 is an unknown value
R11=0x0000000000000246 is an unknown value
R12=0x00007f2fd8d88c20: <offset 0x11c20> in /lib/x86_64-linux-gnu/libpthread.so.0 at 0x00007f2fd8d77000
R13=0x00007f2fd12ce9c0 is an unknown value
R14=0x0000000000000004 is an unknown value
R15=0x0000000000000007 is an unknown value


Stack: [0x00007f2fd0ace000,0x00007f2fd12cf000],  sp=0x00007f2fd12cdc18,  free space=8191k

---------------  P R O C E S S  ---------------

VM state:not at safepoint (normal execution)

VM Mutex/Monitor currently owned by a thread: None

Heap
 PSYoungGen      total 17856K, used 2474K [0x00000000ec160000, 0x00000000ed540000, 0x0000000100000000)
  eden space 15360K, 16% used [0x00000000ec160000,0x00000000ec3caaa8,0x00000000ed060000)
  from space 2496K, 0% used [0x00000000ed2d0000,0x00000000ed2d0000,0x00000000ed540000)
  to   space 2496K, 0% used [0x00000000ed060000,0x00000000ed060000,0x00000000ed2d0000)
 PSOldGen        total 40832K, used 0K [0x00000000c4400000, 0x00000000c6be0000, 0x00000000ec160000)
  object space 40832K, 0% used [0x00000000c4400000,0x00000000c4400000,0x00000000c6be0000)
 PSPermGen       total 21248K, used 4574K [0x00000000bf200000, 0x00000000c06c0000, 0x00000000c4400000)
  object space 21248K, 21% used [0x00000000bf200000,0x00000000bf677bd0,0x00000000c06c0000)

Code Cache  [0x00007f2fd3ab1000, 0x00007f2fd3d21000, 0x00007f2fd6ab1000)
 total_blobs=199 nmethods=8 adapters=146 free_code_cache=49920128 largest_free_block=11712

Dynamic libraries:
40000000-40009000 r-xp 00000000 08:04 14814173                           /opt/jdk1.6.0_27/bin/java
40108000-4010a000 rwxp 00008000 08:04 14814173                           /opt/jdk1.6.0_27/bin/java
4085c000-40b0d000 rwxp 00000000 00:00 0                                  [heap]
bf200000-c06c0000 rwxp 00000000 00:00 0 
c06c0000-c4400000 rwxp 00000000 00:00 0 
c4400000-c6be0000 rwxp 00000000 00:00 0 
c6be0000-ec160000 rwxp 00000000 00:00 0 
ec160000-ed540000 rwxp 00000000 00:00 0 
ed540000-100000000 rwxp 00000000 00:00 0 
7f2fcc000000-7f2fcc133000 rwxp 00000000 00:00 0 
7f2fcc133000-7f2fd0000000 ---p 00000000 00:00 0 
7f2fd00e9000-7f2fd02cd000 rwxp 00000000 00:00 0 
7f2fd02cd000-7f2fd02ce000 ---p 00000000 00:00 0 
7f2fd02ce000-7f2fd0ace000 rwxp 00000000 00:00 0 
7f2fd0ace000-7f2fd0acf000 ---p 00000000 00:00 0 
7f2fd0acf000-7f2fd12cf000 rwxp 00000000 00:00 0 
7f2fd12cf000-7f2fd12d2000 r-xp 00000000 08:04 6816128                    /tmp/kserial/serialposix.so
7f2fd12d2000-7f2fd14d1000 ---p 00003000 08:04 6816128                    /tmp/kserial/serialposix.so
7f2fd14d1000-7f2fd14d2000 r-xp 00002000 08:04 6816128                    /tmp/kserial/serialposix.so
7f2fd14d2000-7f2fd14d3000 rwxp 00003000 08:04 6816128                    /tmp/kserial/serialposix.so
7f2fd14d3000-7f2fd14e8000 r-xp 00000000 08:04 6816129                    /tmp/jna7399996514751326766.tmp
7f2fd14e8000-7f2fd15e7000 ---p 00015000 08:04 6816129                    /tmp/jna7399996514751326766.tmp
7f2fd15e7000-7f2fd15e9000 rwxp 00014000 08:04 6816129                    /tmp/jna7399996514751326766.tmp
7f2fd15e9000-7f2fd161a000 rwxp 00000000 00:00 0 
7f2fd161a000-7f2fd162d000 r-xp 00000000 08:04 14814811                   /opt/jdk1.6.0_27/jre/lib/amd64/libnet.so
7f2fd162d000-7f2fd172e000 ---p 00013000 08:04 14814811                   /opt/jdk1.6.0_27/jre/lib/amd64/libnet.so
7f2fd172e000-7f2fd1731000 rwxp 00014000 08:04 14814811                   /opt/jdk1.6.0_27/jre/lib/amd64/libnet.so
7f2fd1731000-7f2fd1734000 ---p 00000000 00:00 0 
7f2fd1734000-7f2fd1832000 rwxp 00000000 00:00 0 
7f2fd1832000-7f2fd1833000 r-xp 00000000 08:04 17826618                   /opt/idea-IC-111.167/bin/libbreakgen64.so
7f2fd1833000-7f2fd1a32000 ---p 00001000 08:04 17826618                   /opt/idea-IC-111.167/bin/libbreakgen64.so
7f2fd1a32000-7f2fd1a33000 r-xp 00000000 08:04 17826618                   /opt/idea-IC-111.167/bin/libbreakgen64.so
7f2fd1a33000-7f2fd1a34000 rwxp 00001000 08:04 17826618                   /opt/idea-IC-111.167/bin/libbreakgen64.so
7f2fd1a34000-7f2fd1a36000 r-xs 00013000 08:04 17826412                   /opt/idea-IC-111.167/lib/idea_rt.jar
7f2fd1a36000-7f2fd1a3a000 r-xs 000d0000 08:04 14817327                   /home/jed/.m2/repository/net/java/dev/jna/jna/3.3.0/jna-3.3.0.jar
7f2fd1a3a000-7f2fd1ab7000 r-xs 007f2000 08:04 12978923                   /home/jed/.m2/repository/org/scala-lang/scala-library/2.9.1/scala-library-2.9.1.jar
7f2fd1ab7000-7f2fd1aba000 r-xs 00013000 08:04 14814996                   /opt/jdk1.6.0_27/jre/lib/jce.jar
7f2fd1aba000-7f2fd1ac9000 r-xs 00667000 08:04 14814887                   /opt/jdk1.6.0_27/jre/lib/charsets.jar
7f2fd1ac9000-7f2fd1acb000 r-xs 00009000 08:04 14814978                   /opt/jdk1.6.0_27/jre/lib/alt-string.jar
7f2fd1acb000-7f2fd1acc000 r-xs 00000000 08:04 14814989                   /opt/jdk1.6.0_27/jre/lib/management-agent.jar
7f2fd1acc000-7f2fd1acf000 r-xs 0001c000 08:04 14814988                   /opt/jdk1.6.0_27/jre/lib/alt-rt.jar
7f2fd1acf000-7f2fd1ad6000 r-xs 00094000 08:04 14814879                   /opt/jdk1.6.0_27/jre/lib/jsse.jar
7f2fd1ad6000-7f2fd1ae7000 r-xs 0034a000 08:04 14814804                   /opt/jdk1.6.0_27/jre/lib/deploy.jar
7f2fd1ae7000-7f2fd1aef000 r-xs 00115000 08:04 14814928                   /opt/jdk1.6.0_27/jre/lib/resources.jar
7f2fd1aef000-7f2fd1af9000 r-xs 000d7000 08:04 14814710                   /opt/jdk1.6.0_27/jre/lib/javaws.jar
7f2fd1af9000-7f2fd1b0b000 r-xs 001b0000 08:04 14814705                   /opt/jdk1.6.0_27/jre/lib/plugin.jar
7f2fd1b0b000-7f2fd1b0c000 ---p 00000000 00:00 0 
7f2fd1b0c000-7f2fd1c0c000 rwxp 00000000 00:00 0 
7f2fd1c0c000-7f2fd1c0f000 ---p 00000000 00:00 0 
7f2fd1c0f000-7f2fd1d0d000 rwxp 00000000 00:00 0 
7f2fd1d0d000-7f2fd1d10000 ---p 00000000 00:00 0 
7f2fd1d10000-7f2fd1e0e000 rwxp 00000000 00:00 0 
7f2fd1e0e000-7f2fd1e11000 ---p 00000000 00:00 0 
7f2fd1e11000-7f2fd1f0f000 rwxp 00000000 00:00 0 
7f2fd1f0f000-7f2fd1f12000 ---p 00000000 00:00 0 
7f2fd1f12000-7f2fd2010000 rwxp 00000000 00:00 0 
7f2fd2010000-7f2fd2941000 r-xp 00000000 08:04 7740419                    /usr/lib/locale/locale-archive
7f2fd2941000-7f2fd2944000 ---p 00000000 00:00 0 
7f2fd2944000-7f2fd2a42000 rwxp 00000000 00:00 0 
7f2fd2a42000-7f2fd2a45000 ---p 00000000 00:00 0 
7f2fd2a45000-7f2fd2b43000 rwxp 00000000 00:00 0 
7f2fd2b43000-7f2fd2b44000 ---p 00000000 00:00 0 
7f2fd2b44000-7f2fd317d000 rwxp 00000000 00:00 0 
7f2fd317d000-7f2fd3315000 r-xs 0302e000 08:04 14816906                   /opt/jdk1.6.0_27/jre/lib/rt.jar
7f2fd3315000-7f2fd333d000 rwxp 00000000 00:00 0 
7f2fd333d000-7f2fd333e000 ---p 00000000 00:00 0 
7f2fd333e000-7f2fd343e000 rwxp 00000000 00:00 0 
7f2fd343e000-7f2fd343f000 ---p 00000000 00:00 0 
7f2fd343f000-7f2fd353f000 rwxp 00000000 00:00 0 
7f2fd353f000-7f2fd3540000 ---p 00000000 00:00 0 
7f2fd3540000-7f2fd3640000 rwxp 00000000 00:00 0 
7f2fd3640000-7f2fd3641000 ---p 00000000 00:00 0 
7f2fd3641000-7f2fd374c000 rwxp 00000000 00:00 0 
7f2fd374c000-7f2fd376a000 rwxp 00000000 00:00 0 
7f2fd376a000-7f2fd377e000 rwxp 00000000 00:00 0 
7f2fd377e000-7f2fd38a9000 rwxp 00000000 00:00 0 
7f2fd38a9000-7f2fd38b4000 rwxp 00000000 00:00 0 
7f2fd38b4000-7f2fd38d2000 rwxp 00000000 00:00 0 
7f2fd38d2000-7f2fd38e6000 rwxp 00000000 00:00 0 
7f2fd38e6000-7f2fd3a10000 rwxp 00000000 00:00 0 
7f2fd3a10000-7f2fd3a1b000 rwxp 00000000 00:00 0 
7f2fd3a1b000-7f2fd3ab0000 rwxp 00000000 00:00 0 
7f2fd3ab0000-7f2fd3d21000 rwxp 00000000 00:00 0 
7f2fd3d21000-7f2fd6ab1000 rwxp 00000000 00:00 0 
7f2fd6ab1000-7f2fd6abf000 r-xp 00000000 08:04 14814822                   /opt/jdk1.6.0_27/jre/lib/amd64/libzip.so
7f2fd6abf000-7f2fd6bc1000 ---p 0000e000 08:04 14814822                   /opt/jdk1.6.0_27/jre/lib/amd64/libzip.so
7f2fd6bc1000-7f2fd6bc4000 rwxp 00010000 08:04 14814822                   /opt/jdk1.6.0_27/jre/lib/amd64/libzip.so
7f2fd6bc4000-7f2fd6bc5000 rwxp 00000000 00:00 0 
7f2fd6bc5000-7f2fd6bd1000 r-xp 00000000 08:04 3150102                    /lib/x86_64-linux-gnu/libnss_files-2.13.so
7f2fd6bd1000-7f2fd6dd0000 ---p 0000c000 08:04 3150102                    /lib/x86_64-linux-gnu/libnss_files-2.13.so
7f2fd6dd0000-7f2fd6dd1000 r-xp 0000b000 08:04 3150102                    /lib/x86_64-linux-gnu/libnss_files-2.13.so
7f2fd6dd1000-7f2fd6dd2000 rwxp 0000c000 08:04 3150102                    /lib/x86_64-linux-gnu/libnss_files-2.13.so
7f2fd6dd2000-7f2fd6ddc000 r-xp 00000000 08:04 3150108                    /lib/x86_64-linux-gnu/libnss_nis-2.13.so
7f2fd6ddc000-7f2fd6fdc000 ---p 0000a000 08:04 3150108                    /lib/x86_64-linux-gnu/libnss_nis-2.13.so
7f2fd6fdc000-7f2fd6fdd000 r-xp 0000a000 08:04 3150108                    /lib/x86_64-linux-gnu/libnss_nis-2.13.so
7f2fd6fdd000-7f2fd6fde000 rwxp 0000b000 08:04 3150108                    /lib/x86_64-linux-gnu/libnss_nis-2.13.so
7f2fd6fde000-7f2fd6fe6000 r-xp 00000000 08:04 3150094                    /lib/x86_64-linux-gnu/libnss_compat-2.13.so
7f2fd6fe6000-7f2fd71e5000 ---p 00008000 08:04 3150094                    /lib/x86_64-linux-gnu/libnss_compat-2.13.so
7f2fd71e5000-7f2fd71e6000 r-xp 00007000 08:04 3150094                    /lib/x86_64-linux-gnu/libnss_compat-2.13.so
7f2fd71e6000-7f2fd71e7000 rwxp 00008000 08:04 3150094                    /lib/x86_64-linux-gnu/libnss_compat-2.13.so
7f2fd71e7000-7f2fd71fe000 r-xp 00000000 08:04 3150097                    /lib/x86_64-linux-gnu/libnsl-2.13.so
7f2fd71fe000-7f2fd73fd000 ---p 00017000 08:04 3150097                    /lib/x86_64-linux-gnu/libnsl-2.13.so
7f2fd73fd000-7f2fd73fe000 r-xp 00016000 08:04 3150097                    /lib/x86_64-linux-gnu/libnsl-2.13.so
7f2fd73fe000-7f2fd73ff000 rwxp 00017000 08:04 3150097                    /lib/x86_64-linux-gnu/libnsl-2.13.so
7f2fd73ff000-7f2fd7401000 rwxp 00000000 00:00 0 
7f2fd7401000-7f2fd742a000 r-xp 00000000 08:04 14814835                   /opt/jdk1.6.0_27/jre/lib/amd64/libjava.so
7f2fd742a000-7f2fd7529000 ---p 00029000 08:04 14814835                   /opt/jdk1.6.0_27/jre/lib/amd64/libjava.so
7f2fd7529000-7f2fd7530000 rwxp 00028000 08:04 14814835                   /opt/jdk1.6.0_27/jre/lib/amd64/libjava.so
7f2fd7530000-7f2fd753d000 r-xp 00000000 08:04 14814817                   /opt/jdk1.6.0_27/jre/lib/amd64/libverify.so
7f2fd753d000-7f2fd763c000 ---p 0000d000 08:04 14814817                   /opt/jdk1.6.0_27/jre/lib/amd64/libverify.so
7f2fd763c000-7f2fd763f000 rwxp 0000c000 08:04 14814817                   /opt/jdk1.6.0_27/jre/lib/amd64/libverify.so
7f2fd763f000-7f2fd7646000 r-xp 00000000 08:04 3145752                    /lib/x86_64-linux-gnu/librt-2.13.so
7f2fd7646000-7f2fd7845000 ---p 00007000 08:04 3145752                    /lib/x86_64-linux-gnu/librt-2.13.so
7f2fd7845000-7f2fd7846000 r-xp 00006000 08:04 3145752                    /lib/x86_64-linux-gnu/librt-2.13.so
7f2fd7846000-7f2fd7847000 rwxp 00007000 08:04 3145752                    /lib/x86_64-linux-gnu/librt-2.13.so
7f2fd7847000-7f2fd784a000 ---p 00000000 00:00 0 
7f2fd784a000-7f2fd7948000 rwxp 00000000 00:00 0 
7f2fd7948000-7f2fd79cb000 r-xp 00000000 08:04 3150109                    /lib/x86_64-linux-gnu/libm-2.13.so
7f2fd79cb000-7f2fd7bca000 ---p 00083000 08:04 3150109                    /lib/x86_64-linux-gnu/libm-2.13.so
7f2fd7bca000-7f2fd7bcb000 r-xp 00082000 08:04 3150109                    /lib/x86_64-linux-gnu/libm-2.13.so
7f2fd7bcb000-7f2fd7bcc000 rwxp 00083000 08:04 3150109                    /lib/x86_64-linux-gnu/libm-2.13.so
7f2fd7bcc000-7f2fd84e6000 r-xp 00000000 08:04 14814842                   /opt/jdk1.6.0_27/jre/lib/amd64/server/libjvm.so
7f2fd84e6000-7f2fd85e5000 ---p 0091a000 08:04 14814842                   /opt/jdk1.6.0_27/jre/lib/amd64/server/libjvm.so
7f2fd85e5000-7f2fd879b000 rwxp 00919000 08:04 14814842                   /opt/jdk1.6.0_27/jre/lib/amd64/server/libjvm.so
7f2fd879b000-7f2fd87d4000 rwxp 00000000 00:00 0 
7f2fd87d4000-7f2fd8969000 r-xp 00000000 08:04 3150099                    /lib/x86_64-linux-gnu/libc-2.13.so
7f2fd8969000-7f2fd8b68000 ---p 00195000 08:04 3150099                    /lib/x86_64-linux-gnu/libc-2.13.so
7f2fd8b68000-7f2fd8b6c000 r-xp 00194000 08:04 3150099                    /lib/x86_64-linux-gnu/libc-2.13.so
7f2fd8b6c000-7f2fd8b6d000 rwxp 00198000 08:04 3150099                    /lib/x86_64-linux-gnu/libc-2.13.so
7f2fd8b6d000-7f2fd8b73000 rwxp 00000000 00:00 0 
7f2fd8b73000-7f2fd8b75000 r-xp 00000000 08:04 3150100                    /lib/x86_64-linux-gnu/libdl-2.13.so
7f2fd8b75000-7f2fd8d75000 ---p 00002000 08:04 3150100                    /lib/x86_64-linux-gnu/libdl-2.13.so
7f2fd8d75000-7f2fd8d76000 r-xp 00002000 08:04 3150100                    /lib/x86_64-linux-gnu/libdl-2.13.so
7f2fd8d76000-7f2fd8d77000 rwxp 00003000 08:04 3150100                    /lib/x86_64-linux-gnu/libdl-2.13.so
7f2fd8d77000-7f2fd8d8f000 r-xp 00000000 08:04 3150107                    /lib/x86_64-linux-gnu/libpthread-2.13.so
7f2fd8d8f000-7f2fd8f8e000 ---p 00018000 08:04 3150107                    /lib/x86_64-linux-gnu/libpthread-2.13.so
7f2fd8f8e000-7f2fd8f8f000 r-xp 00017000 08:04 3150107                    /lib/x86_64-linux-gnu/libpthread-2.13.so
7f2fd8f8f000-7f2fd8f90000 rwxp 00018000 08:04 3150107                    /lib/x86_64-linux-gnu/libpthread-2.13.so
7f2fd8f90000-7f2fd8f94000 rwxp 00000000 00:00 0 
7f2fd8f94000-7f2fd8fb5000 r-xp 00000000 08:04 3150106                    /lib/x86_64-linux-gnu/ld-2.13.so
7f2fd8fbb000-7f2fd8fc5000 rwxp 00000000 00:00 0 
7f2fd8fc5000-7f2fd907b000 rwxp 00000000 00:00 0 
7f2fd907b000-7f2fd907e000 rwxp 00000000 00:00 0 
7f2fd907e000-7f2fd9085000 r-xp 00000000 08:04 14814807                   /opt/jdk1.6.0_27/jre/lib/amd64/jli/libjli.so
7f2fd9085000-7f2fd9186000 ---p 00007000 08:04 14814807                   /opt/jdk1.6.0_27/jre/lib/amd64/jli/libjli.so
7f2fd9186000-7f2fd9188000 rwxp 00008000 08:04 14814807                   /opt/jdk1.6.0_27/jre/lib/amd64/jli/libjli.so
7f2fd9188000-7f2fd9189000 rwxp 00000000 00:00 0 
7f2fd91a6000-7f2fd91a8000 rwxp 00000000 00:00 0 
7f2fd91a8000-7f2fd91b0000 rwxs 00000000 08:04 6816088                    /tmp/hsperfdata_jed/11993
7f2fd91b0000-7f2fd91b1000 rwxp 00000000 00:00 0 
7f2fd91b1000-7f2fd91b2000 r-xp 00000000 00:00 0 
7f2fd91b2000-7f2fd91b4000 rwxp 00000000 00:00 0 
7f2fd91b4000-7f2fd91b5000 r-xp 00020000 08:04 3150106                    /lib/x86_64-linux-gnu/ld-2.13.so
7f2fd91b5000-7f2fd91b7000 rwxp 00021000 08:04 3150106                    /lib/x86_64-linux-gnu/ld-2.13.so
7fff78fa5000-7fff78fc6000 rwxp 00000000 00:00 0                          [stack]
7fff78fff000-7fff79000000 r-xp 00000000 00:00 0                          [vdso]
ffffffffff600000-ffffffffff601000 r-xp 00000000 00:00 0                  [vsyscall]

VM Arguments:
jvm_args: -Didea.launcher.port=7549 -Didea.launcher.bin.path=/opt/idea-IC-111.167/bin -Dfile.encoding=UTF-8 
java_command: com.intellij.rt.execution.application.AppMain org.kevoree.extra.kserial.Test
Launcher Type: SUN_STANDARD

Environment Variables:
JAVA_HOME=/opt/jdk1.6.0_27
CLASSPATH=../lib/bootstrap.jar:../lib/util.jar:../lib/jdom.jar:../lib/log4j.jar:../lib/extensions.jar:../lib/trove4j.jar:../lib/jna.jar:/opt/jdk1.6.0_27/lib/tools.jar:
PATH=/usr/lib/lightdm/lightdm:$JAVA_HOME/bin:$M2:/usr/local/sbin:/usr/local/bin:/usr/sbin:/usr/bin:/sbin:/bin:/usr/games
USERNAME=jed
LD_LIBRARY_PATH=/opt/jdk1.6.0_27/jre/lib/amd64/server:/opt/jdk1.6.0_27/jre/lib/amd64:/opt/jdk1.6.0_27/jre/../lib/amd64:.:
SHELL=/bin/bash
DISPLAY=:0.0

Signal Handlers:
SIGSEGV: [libjvm.so+0x85f3a0], sa_mask[0]=0x7ffbfeff, sa_flags=0x10000004
SIGBUS: [libjvm.so+0x85f3a0], sa_mask[0]=0x7ffbfeff, sa_flags=0x10000004
SIGFPE: [libjvm.so+0x70dfd0], sa_mask[0]=0x7ffbfeff, sa_flags=0x10000004
SIGPIPE: [libjvm.so+0x70dfd0], sa_mask[0]=0x7ffbfeff, sa_flags=0x10000004
SIGXFSZ: [libjvm.so+0x70dfd0], sa_mask[0]=0x7ffbfeff, sa_flags=0x10000004
SIGILL: [libjvm.so+0x70dfd0], sa_mask[0]=0x7ffbfeff, sa_flags=0x10000004
SIGUSR1: SIG_DFL, sa_mask[0]=0x00000000, sa_flags=0x00000000
SIGUSR2: [libjvm.so+0x710de0], sa_mask[0]=0x00000004, sa_flags=0x10000004
SIGHUP: [libjvm.so+0x7109e0], sa_mask[0]=0x7ffbfeff, sa_flags=0x10000004
SIGINT: [serialposix.so+0x122c], sa_mask[0]=0x00000002, sa_flags=0x10000000
SIGTERM: [libjvm.so+0x7109e0], sa_mask[0]=0x7ffbfeff, sa_flags=0x10000004
SIGQUIT: [libjvm.so+0x7109e0], sa_mask[0]=0x7ffbfeff, sa_flags=0x10000004


---------------  S Y S T E M  ---------------

OS:wheezy/sid

uname:Linux 3.0.0-15-generic #26-Ubuntu SMP Fri Jan 20 17:23:00 UTC 2012 x86_64
libc:glibc 2.13 NPTL 2.13 
rlimit: STACK 8192k, CORE 0k, NPROC 30406, NOFILE 4096, AS infinity
load average:0.17 0.21 0.22

/proc/meminfo:
MemTotal:        3915520 kB
MemFree:          388508 kB
Buffers:           97668 kB
Cached:          1325976 kB
SwapCached:          704 kB
Active:          2071592 kB
Inactive:        1176676 kB
Active(anon):    1380484 kB
Inactive(anon):   466736 kB
Active(file):     691108 kB
Inactive(file):   709940 kB
Unevictable:          48 kB
Mlocked:              48 kB
SwapTotal:       1953120 kB
SwapFree:        1950996 kB
Dirty:               756 kB
Writeback:             0 kB
AnonPages:       1824624 kB
Mapped:           157536 kB
Shmem:             22392 kB
Slab:             130696 kB
SReclaimable:     101100 kB
SUnreclaim:        29596 kB
KernelStack:        4496 kB
PageTables:        29608 kB
NFS_Unstable:          0 kB
Bounce:                0 kB
WritebackTmp:          0 kB
CommitLimit:     3910880 kB
Committed_AS:    4019140 kB
VmallocTotal:   34359738367 kB
VmallocUsed:       98948 kB
VmallocChunk:   34359631868 kB
HardwareCorrupted:     0 kB
AnonHugePages:         0 kB
HugePages_Total:       0
HugePages_Free:        0
HugePages_Rsvd:        0
HugePages_Surp:        0
Hugepagesize:       2048 kB
DirectMap4k:      379340 kB
DirectMap2M:     3674112 kB


CPU:total 4 (2 cores per cpu, 2 threads per core) family 6 model 37 stepping 5, cmov, cx8, fxsr, mmx, sse, sse2, sse3, ssse3, sse4.1, sse4.2, popcnt, ht

/proc/cpuinfo:
processor	: 0
vendor_id	: GenuineIntel
cpu family	: 6
model		: 37
model name	: Intel(R) Core(TM) i7 CPU       M 620  @ 2.67GHz
stepping	: 5
cpu MHz		: 2661.000
cache size	: 4096 KB
physical id	: 0
siblings	: 4
core id		: 0
cpu cores	: 2
apicid		: 0
initial apicid	: 0
fpu		: yes
fpu_exception	: yes
cpuid level	: 11
wp		: yes
flags		: fpu vme de pse tsc msr pae mce cx8 apic sep mtrr pge mca cmov pat pse36 clflush dts acpi mmx fxsr sse sse2 ss ht tm pbe syscall nx rdtscp lm constant_tsc arch_perfmon pebs bts nopl xtopology nonstop_tsc aperfmperf pni pclmulqdq dtes64 monitor ds_cpl vmx smx est tm2 ssse3 cx16 xtpr pdcm sse4_1 sse4_2 popcnt aes lahf_lm ida arat dts tpr_shadow vnmi flexpriority ept vpid
bogomips	: 5320.30
clflush size	: 64
cache_alignment	: 64
address sizes	: 36 bits physical, 48 bits virtual
power management:

processor	: 1
vendor_id	: GenuineIntel
cpu family	: 6
model		: 37
model name	: Intel(R) Core(TM) i7 CPU       M 620  @ 2.67GHz
stepping	: 5
cpu MHz		: 1197.000
cache size	: 4096 KB
physical id	: 0
siblings	: 4
core id		: 0
cpu cores	: 2
apicid		: 1
initial apicid	: 1
fpu		: yes
fpu_exception	: yes
cpuid level	: 11
wp		: yes
flags		: fpu vme de pse tsc msr pae mce cx8 apic sep mtrr pge mca cmov pat pse36 clflush dts acpi mmx fxsr sse sse2 ss ht tm pbe syscall nx rdtscp lm constant_tsc arch_perfmon pebs bts nopl xtopology nonstop_tsc aperfmperf pni pclmulqdq dtes64 monitor ds_cpl vmx smx est tm2 ssse3 cx16 xtpr pdcm sse4_1 sse4_2 popcnt aes lahf_lm ida arat dts tpr_shadow vnmi flexpriority ept vpid
bogomips	: 5320.17
clflush size	: 64
cache_alignment	: 64
address sizes	: 36 bits physical, 48 bits virtual
power management:

processor	: 2
vendor_id	: GenuineIntel
cpu family	: 6
model		: 37
model name	: Intel(R) Core(TM) i7 CPU       M 620  @ 2.67GHz
stepping	: 5
cpu MHz		: 1197.000
cache size	: 4096 KB
physical id	: 0
siblings	: 4
core id		: 2
cpu cores	: 2
apicid		: 4
initial apicid	: 4
fpu		: yes
fpu_exception	: yes
cpuid level	: 11
wp		: yes
flags		: fpu vme de pse tsc msr pae mce cx8 apic sep mtrr pge mca cmov pat pse36 clflush dts acpi mmx fxsr sse sse2 ss ht tm pbe syscall nx rdtscp lm constant_tsc arch_perfmon pebs bts nopl xtopology nonstop_tsc aperfmperf pni pclmulqdq dtes64 monitor ds_cpl vmx smx est tm2 ssse3 cx16 xtpr pdcm sse4_1 sse4_2 popcnt aes lahf_lm ida arat dts tpr_shadow vnmi flexpriority ept vpid
bogomips	: 5320.20
clflush size	: 64
cache_alignment	: 64
address sizes	: 36 bits physical, 48 bits virtual
power management:

processor	: 3
vendor_id	: GenuineIntel
cpu family	: 6
model		: 37
model name	: Intel(R) Core(TM) i7 CPU       M 620  @ 2.67GHz
stepping	: 5
cpu MHz		: 1197.000
cache size	: 4096 KB
physical id	: 0
siblings	: 4
core id		: 2
cpu cores	: 2
apicid		: 5
initial apicid	: 5
fpu		: yes
fpu_exception	: yes
cpuid level	: 11
wp		: yes
flags		: fpu vme de pse tsc msr pae mce cx8 apic sep mtrr pge mca cmov pat pse36 clflush dts acpi mmx fxsr sse sse2 ss ht tm pbe syscall nx rdtscp lm constant_tsc arch_perfmon pebs bts nopl xtopology nonstop_tsc aperfmperf pni pclmulqdq dtes64 monitor ds_cpl vmx smx est tm2 ssse3 cx16 xtpr pdcm sse4_1 sse4_2 popcnt aes lahf_lm ida arat dts tpr_shadow vnmi flexpriority ept vpid
bogomips	: 5320.21
clflush size	: 64
cache_alignment	: 64
address sizes	: 36 bits physical, 48 bits virtual
power management:



Memory: 4k page, physical 3915520k(388508k free), swap 1953120k(1950996k free)

vm_info: Java HotSpot(TM) 64-Bit Server VM (20.2-b06) for linux-amd64 JRE (1.6.0_27-b07), built on Jul 19 2011 01:21:53 by "java_re" with gcc 3.2.2 (SuSE Linux)

time: Mon Jan 30 18:48:57 2012
elapsed time: 4 seconds

